<?xml version="1.0" encoding="UTF-8"?>
<testng-results skipped="0" failed="0" total="11" passed="11">
  <reporter-output>
  </reporter-output>
  <suite name="TestNG" duration-ms="69100" started-at="2017-03-27T14:15:31Z" finished-at="2017-03-27T14:16:40Z">
    <groups>
    </groups>
    <test name="SFDC_UseCase1" duration-ms="49632" started-at="2017-03-27T14:15:31Z" finished-at="2017-03-27T14:16:20Z">
      <class name="com.cox.maven.poc.test.executor.OpportunitiesPageExecutor">
        <test-method status="PASS" signature="setUp(java.lang.String)[pri:0, instance:com.cox.maven.poc.test.executor.OpportunitiesPageExecutor@d2cc05a]" name="setUp" is-config="true" duration-ms="4790" started-at="2017-03-27T10:15:31Z" finished-at="2017-03-27T10:15:36Z">
          <params>
            <param index="0">
              <value>
                <![CDATA[firefox]]>
              </value>
            </param>
          </params>
          <reporter-output>
          </reporter-output>
        </test-method> <!-- setUp -->
        <test-method status="PASS" signature="beforeTest(java.lang.String, java.lang.String)[pri:0, instance:com.cox.maven.poc.test.executor.OpportunitiesPageExecutor@d2cc05a]" name="beforeTest" is-config="true" duration-ms="1726" started-at="2017-03-27T10:15:36Z" finished-at="2017-03-27T10:15:37Z">
          <params>
            <param index="0">
              <value>
                <![CDATA[Create Opportunity]]>
              </value>
            </param>
            <param index="1">
              <value>
                <![CDATA[SalesforceUseCaseTestData]]>
              </value>
            </param>
          </params>
          <reporter-output>
          </reporter-output>
        </test-method> <!-- beforeTest -->
        <test-method status="PASS" signature="login()[pri:0, instance:com.cox.maven.poc.test.executor.OpportunitiesPageExecutor@d2cc05a]" name="login" duration-ms="2580" started-at="2017-03-27T10:15:37Z" finished-at="2017-03-27T10:15:40Z">
          <reporter-output>
          </reporter-output>
        </test-method> <!-- login -->
        <test-method status="PASS" signature="createOpportunities()[pri:0, instance:com.cox.maven.poc.test.executor.OpportunitiesPageExecutor@d2cc05a]" name="createOpportunities" duration-ms="12792" started-at="2017-03-27T10:15:40Z" depends-on-methods="com.cox.maven.poc.test.executor.OpportunitiesPageExecutor.login" finished-at="2017-03-27T10:15:53Z">
          <reporter-output>
          </reporter-output>
        </test-method> <!-- createOpportunities -->
        <test-method status="PASS" signature="selectProducts()[pri:0, instance:com.cox.maven.poc.test.executor.OpportunitiesPageExecutor@d2cc05a]" name="selectProducts" duration-ms="8577" started-at="2017-03-27T10:15:53Z" depends-on-methods="com.cox.maven.poc.test.executor.OpportunitiesPageExecutor.createOpportunities" finished-at="2017-03-27T10:16:01Z">
          <reporter-output>
          </reporter-output>
        </test-method> <!-- selectProducts -->
        <test-method status="PASS" signature="addProducts()[pri:0, instance:com.cox.maven.poc.test.executor.OpportunitiesPageExecutor@d2cc05a]" name="addProducts" duration-ms="872" started-at="2017-03-27T10:16:01Z" depends-on-methods="com.cox.maven.poc.test.executor.OpportunitiesPageExecutor.selectProducts" finished-at="2017-03-27T10:16:02Z">
          <reporter-output>
          </reporter-output>
        </test-method> <!-- addProducts -->
        <test-method status="PASS" signature="addProductToOpportunity()[pri:0, instance:com.cox.maven.poc.test.executor.OpportunitiesPageExecutor@d2cc05a]" name="addProductToOpportunity" duration-ms="8157" started-at="2017-03-27T10:16:02Z" depends-on-methods="com.cox.maven.poc.test.executor.OpportunitiesPageExecutor.addProducts" finished-at="2017-03-27T10:16:10Z">
          <reporter-output>
          </reporter-output>
        </test-method> <!-- addProductToOpportunity -->
        <test-method status="PASS" signature="addCompetitor()[pri:0, instance:com.cox.maven.poc.test.executor.OpportunitiesPageExecutor@d2cc05a]" name="addCompetitor" duration-ms="2829" started-at="2017-03-27T10:16:10Z" depends-on-methods="com.cox.maven.poc.test.executor.OpportunitiesPageExecutor.addProductToOpportunity" finished-at="2017-03-27T10:16:13Z">
          <reporter-output>
          </reporter-output>
        </test-method> <!-- addCompetitor -->
        <test-method status="PASS" signature="addPartner()[pri:0, instance:com.cox.maven.poc.test.executor.OpportunitiesPageExecutor@d2cc05a]" name="addPartner" duration-ms="2447" started-at="2017-03-27T10:16:13Z" depends-on-methods="com.cox.maven.poc.test.executor.OpportunitiesPageExecutor.addCompetitor" finished-at="2017-03-27T10:16:16Z">
          <reporter-output>
          </reporter-output>
        </test-method> <!-- addPartner -->
        <test-method status="PASS" signature="addNotes()[pri:0, instance:com.cox.maven.poc.test.executor.OpportunitiesPageExecutor@d2cc05a]" name="addNotes" duration-ms="2470" started-at="2017-03-27T10:16:16Z" depends-on-methods="com.cox.maven.poc.test.executor.OpportunitiesPageExecutor.addPartner" finished-at="2017-03-27T10:16:18Z">
          <reporter-output>
          </reporter-output>
        </test-method> <!-- addNotes -->
        <test-method status="PASS" signature="editProduct()[pri:0, instance:com.cox.maven.poc.test.executor.OpportunitiesPageExecutor@d2cc05a]" name="editProduct" duration-ms="2129" started-at="2017-03-27T10:16:18Z" depends-on-methods="com.cox.maven.poc.test.executor.OpportunitiesPageExecutor.addNotes" finished-at="2017-03-27T10:16:20Z">
          <reporter-output>
          </reporter-output>
        </test-method> <!-- editProduct -->
        <test-method status="PASS" signature="afterTest()[pri:0, instance:com.cox.maven.poc.test.executor.OpportunitiesPageExecutor@d2cc05a]" name="afterTest" is-config="true" duration-ms="235" started-at="2017-03-27T10:16:20Z" finished-at="2017-03-27T10:16:20Z">
          <reporter-output>
          </reporter-output>
        </test-method> <!-- afterTest -->
      </class> <!-- com.cox.maven.poc.test.executor.OpportunitiesPageExecutor -->
    </test> <!-- SFDC_UseCase1 -->
    <test name="SFDC_UseCase2" duration-ms="18319" started-at="2017-03-27T14:16:22Z" finished-at="2017-03-27T14:16:40Z">
      <class name="com.cox.maven.poc.test.executor.CreateNewDealer">
        <test-method status="PASS" signature="suiteSetUp()[pri:0, instance:com.cox.maven.poc.test.executor.CreateNewDealer@4b9e13df]" name="suiteSetUp" is-config="true" duration-ms="49" started-at="2017-03-27T10:15:31Z" finished-at="2017-03-27T10:15:31Z">
          <reporter-output>
          </reporter-output>
        </test-method> <!-- suiteSetUp -->
        <test-method status="PASS" signature="setUp(java.lang.String)[pri:0, instance:com.cox.maven.poc.test.executor.CreateNewDealer@4b9e13df]" name="setUp" is-config="true" duration-ms="1547" started-at="2017-03-27T10:16:22Z" finished-at="2017-03-27T10:16:23Z">
          <params>
            <param index="0">
              <value>
                <![CDATA[chrome]]>
              </value>
            </param>
          </params>
          <reporter-output>
          </reporter-output>
        </test-method> <!-- setUp -->
        <test-method status="PASS" signature="beforeTest()[pri:0, instance:com.cox.maven.poc.test.executor.CreateNewDealer@4b9e13df]" name="beforeTest" is-config="true" duration-ms="57" started-at="2017-03-27T10:16:23Z" finished-at="2017-03-27T10:16:23Z">
          <reporter-output>
          </reporter-output>
        </test-method> <!-- beforeTest -->
        <test-method status="PASS" signature="login()[pri:0, instance:com.cox.maven.poc.test.executor.CreateNewDealer@4b9e13df]" name="login" duration-ms="6014" started-at="2017-03-27T10:16:23Z" finished-at="2017-03-27T10:16:29Z">
          <reporter-output>
          </reporter-output>
        </test-method> <!-- login -->
        <test-method status="PASS" signature="loadNewDealerRequest()[pri:0, instance:com.cox.maven.poc.test.executor.CreateNewDealer@4b9e13df]" name="loadNewDealerRequest" duration-ms="10321" started-at="2017-03-27T10:16:29Z" depends-on-methods="com.cox.maven.poc.test.executor.CreateNewDealer.login" finished-at="2017-03-27T10:16:39Z">
          <reporter-output>
          </reporter-output>
        </test-method> <!-- loadNewDealerRequest -->
        <test-method status="PASS" signature="afterTest()[pri:0, instance:com.cox.maven.poc.test.executor.CreateNewDealer@4b9e13df]" name="afterTest" is-config="true" duration-ms="379" started-at="2017-03-27T10:16:39Z" finished-at="2017-03-27T10:16:40Z">
          <reporter-output>
          </reporter-output>
        </test-method> <!-- afterTest -->
      </class> <!-- com.cox.maven.poc.test.executor.CreateNewDealer -->
    </test> <!-- SFDC_UseCase2 -->
  </suite> <!-- TestNG -->
</testng-results>
