<?xml version="1.0" encoding="UTF-8"?>
<testng-results skipped="0" failed="0" total="9" passed="9">
  <reporter-output>
  </reporter-output>
  <suite name="TestNG" duration-ms="48217" started-at="2017-03-27T20:39:57Z" finished-at="2017-03-27T20:40:46Z">
    <groups>
    </groups>
    <test name="SFDC_UseCase1" duration-ms="48217" started-at="2017-03-27T20:39:57Z" finished-at="2017-03-27T20:40:46Z">
      <class name="com.cox.maven.poc.test.executor.OpportunitiesPageExecutor">
        <test-method status="PASS" signature="suiteSetUp()[pri:0, instance:com.cox.maven.poc.test.executor.OpportunitiesPageExecutor@7c16905e]" name="suiteSetUp" is-config="true" duration-ms="18" started-at="2017-03-27T16:39:57Z" finished-at="2017-03-27T16:39:57Z">
          <reporter-output>
          </reporter-output>
        </test-method> <!-- suiteSetUp -->
        <test-method status="PASS" signature="setUp(java.lang.String)[pri:0, instance:com.cox.maven.poc.test.executor.OpportunitiesPageExecutor@7c16905e]" name="setUp" is-config="true" duration-ms="2430" started-at="2017-03-27T16:39:57Z" finished-at="2017-03-27T16:40:00Z">
          <params>
            <param index="0">
              <value>
                <![CDATA[chrome]]>
              </value>
            </param>
          </params>
          <reporter-output>
          </reporter-output>
        </test-method> <!-- setUp -->
        <test-method status="PASS" signature="beforeTest(java.lang.String, java.lang.String)[pri:0, instance:com.cox.maven.poc.test.executor.OpportunitiesPageExecutor@7c16905e]" name="beforeTest" is-config="true" duration-ms="1691" started-at="2017-03-27T16:40:00Z" finished-at="2017-03-27T16:40:01Z">
          <params>
            <param index="0">
              <value>
                <![CDATA[Create Opportunity]]>
              </value>
            </param>
            <param index="1">
              <value>
                <![CDATA[SalesforceUseCaseTestData]]>
              </value>
            </param>
          </params>
          <reporter-output>
          </reporter-output>
        </test-method> <!-- beforeTest -->
        <test-method status="PASS" signature="login()[pri:0, instance:com.cox.maven.poc.test.executor.OpportunitiesPageExecutor@7c16905e]" name="login" duration-ms="3942" started-at="2017-03-27T16:40:01Z" finished-at="2017-03-27T16:40:05Z">
          <reporter-output>
          </reporter-output>
        </test-method> <!-- login -->
        <test-method status="PASS" signature="createOpportunities()[pri:0, instance:com.cox.maven.poc.test.executor.OpportunitiesPageExecutor@7c16905e]" name="createOpportunities" duration-ms="14018" started-at="2017-03-27T16:40:05Z" depends-on-methods="com.cox.maven.poc.test.executor.OpportunitiesPageExecutor.login" finished-at="2017-03-27T16:40:19Z">
          <reporter-output>
          </reporter-output>
        </test-method> <!-- createOpportunities -->
        <test-method status="PASS" signature="selectProducts()[pri:0, instance:com.cox.maven.poc.test.executor.OpportunitiesPageExecutor@7c16905e]" name="selectProducts" duration-ms="1538" started-at="2017-03-27T16:40:19Z" depends-on-methods="com.cox.maven.poc.test.executor.OpportunitiesPageExecutor.createOpportunities" finished-at="2017-03-27T16:40:21Z">
          <reporter-output>
          </reporter-output>
        </test-method> <!-- selectProducts -->
        <test-method status="PASS" signature="addProducts()[pri:0, instance:com.cox.maven.poc.test.executor.OpportunitiesPageExecutor@7c16905e]" name="addProducts" duration-ms="13382" started-at="2017-03-27T16:40:21Z" depends-on-methods="com.cox.maven.poc.test.executor.OpportunitiesPageExecutor.selectProducts" finished-at="2017-03-27T16:40:34Z">
          <reporter-output>
          </reporter-output>
        </test-method> <!-- addProducts -->
        <test-method status="PASS" signature="addProductToOpportunity()[pri:0, instance:com.cox.maven.poc.test.executor.OpportunitiesPageExecutor@7c16905e]" name="addProductToOpportunity" duration-ms="3664" started-at="2017-03-27T16:40:34Z" depends-on-methods="com.cox.maven.poc.test.executor.OpportunitiesPageExecutor.addProducts" finished-at="2017-03-27T16:40:38Z">
          <reporter-output>
          </reporter-output>
        </test-method> <!-- addProductToOpportunity -->
        <test-method status="PASS" signature="addCompetitor()[pri:0, instance:com.cox.maven.poc.test.executor.OpportunitiesPageExecutor@7c16905e]" name="addCompetitor" duration-ms="1813" started-at="2017-03-27T16:40:38Z" depends-on-methods="com.cox.maven.poc.test.executor.OpportunitiesPageExecutor.addProductToOpportunity" finished-at="2017-03-27T16:40:40Z">
          <reporter-output>
          </reporter-output>
        </test-method> <!-- addCompetitor -->
        <test-method status="PASS" signature="addPartner()[pri:0, instance:com.cox.maven.poc.test.executor.OpportunitiesPageExecutor@7c16905e]" name="addPartner" duration-ms="2226" started-at="2017-03-27T16:40:40Z" depends-on-methods="com.cox.maven.poc.test.executor.OpportunitiesPageExecutor.addCompetitor" finished-at="2017-03-27T16:40:42Z">
          <reporter-output>
          </reporter-output>
        </test-method> <!-- addPartner -->
        <test-method status="PASS" signature="addNotes()[pri:0, instance:com.cox.maven.poc.test.executor.OpportunitiesPageExecutor@7c16905e]" name="addNotes" duration-ms="1629" started-at="2017-03-27T16:40:42Z" depends-on-methods="com.cox.maven.poc.test.executor.OpportunitiesPageExecutor.addPartner" finished-at="2017-03-27T16:40:44Z">
          <reporter-output>
          </reporter-output>
        </test-method> <!-- addNotes -->
        <test-method status="PASS" signature="editProduct()[pri:0, instance:com.cox.maven.poc.test.executor.OpportunitiesPageExecutor@7c16905e]" name="editProduct" duration-ms="1866" started-at="2017-03-27T16:40:44Z" depends-on-methods="com.cox.maven.poc.test.executor.OpportunitiesPageExecutor.addNotes" finished-at="2017-03-27T16:40:46Z">
          <reporter-output>
          </reporter-output>
        </test-method> <!-- editProduct -->
        <test-method status="PASS" signature="afterTest()[pri:0, instance:com.cox.maven.poc.test.executor.OpportunitiesPageExecutor@7c16905e]" name="afterTest" is-config="true" duration-ms="0" started-at="2017-03-27T16:40:46Z" finished-at="2017-03-27T16:40:46Z">
          <reporter-output>
          </reporter-output>
        </test-method> <!-- afterTest -->
      </class> <!-- com.cox.maven.poc.test.executor.OpportunitiesPageExecutor -->
    </test> <!-- SFDC_UseCase1 -->
  </suite> <!-- TestNG -->
</testng-results>
