<?xml version="1.0" encoding="UTF-8"?>
<testng-results skipped="0" failed="0" total="11" passed="11">
  <reporter-output>
  </reporter-output>
  <suite name="TestNG" duration-ms="79838" started-at="2017-03-28T16:29:35Z" finished-at="2017-03-28T16:30:54Z">
    <groups>
    </groups>
    <test name="SFDC_UseCase1" duration-ms="53220" started-at="2017-03-28T16:29:35Z" finished-at="2017-03-28T16:30:28Z">
      <class name="com.cox.maven.poc.test.executor.OpportunitiesPageExecutor">
        <test-method status="PASS" signature="setUp(java.lang.String)[pri:0, instance:com.cox.maven.poc.test.executor.OpportunitiesPageExecutor@527740a2]" name="setUp" is-config="true" duration-ms="4404" started-at="2017-03-28T12:29:35Z" finished-at="2017-03-28T12:29:39Z">
          <params>
            <param index="0">
              <value>
                <![CDATA[firefox]]>
              </value>
            </param>
          </params>
          <reporter-output>
          </reporter-output>
        </test-method> <!-- setUp -->
        <test-method status="PASS" signature="beforeTest(java.lang.String, java.lang.String)[pri:0, instance:com.cox.maven.poc.test.executor.OpportunitiesPageExecutor@527740a2]" name="beforeTest" is-config="true" duration-ms="2097" started-at="2017-03-28T12:29:39Z" finished-at="2017-03-28T12:29:41Z">
          <params>
            <param index="0">
              <value>
                <![CDATA[Create Opportunity]]>
              </value>
            </param>
            <param index="1">
              <value>
                <![CDATA[SalesforceUseCaseTestData]]>
              </value>
            </param>
          </params>
          <reporter-output>
          </reporter-output>
        </test-method> <!-- beforeTest -->
        <test-method status="PASS" signature="login()[pri:0, instance:com.cox.maven.poc.test.executor.OpportunitiesPageExecutor@527740a2]" name="login" duration-ms="2433" started-at="2017-03-28T12:29:41Z" finished-at="2017-03-28T12:29:44Z">
          <reporter-output>
          </reporter-output>
        </test-method> <!-- login -->
        <test-method status="PASS" signature="createOpportunities()[pri:0, instance:com.cox.maven.poc.test.executor.OpportunitiesPageExecutor@527740a2]" name="createOpportunities" duration-ms="10660" started-at="2017-03-28T12:29:44Z" depends-on-methods="com.cox.maven.poc.test.executor.OpportunitiesPageExecutor.login" finished-at="2017-03-28T12:29:54Z">
          <reporter-output>
          </reporter-output>
        </test-method> <!-- createOpportunities -->
        <test-method status="PASS" signature="selectProducts()[pri:0, instance:com.cox.maven.poc.test.executor.OpportunitiesPageExecutor@527740a2]" name="selectProducts" duration-ms="8427" started-at="2017-03-28T12:29:54Z" depends-on-methods="com.cox.maven.poc.test.executor.OpportunitiesPageExecutor.createOpportunities" finished-at="2017-03-28T12:30:03Z">
          <reporter-output>
          </reporter-output>
        </test-method> <!-- selectProducts -->
        <test-method status="PASS" signature="addProducts()[pri:0, instance:com.cox.maven.poc.test.executor.OpportunitiesPageExecutor@527740a2]" name="addProducts" duration-ms="1314" started-at="2017-03-28T12:30:03Z" depends-on-methods="com.cox.maven.poc.test.executor.OpportunitiesPageExecutor.selectProducts" finished-at="2017-03-28T12:30:04Z">
          <reporter-output>
          </reporter-output>
        </test-method> <!-- addProducts -->
        <test-method status="PASS" signature="addProductToOpportunity()[pri:0, instance:com.cox.maven.poc.test.executor.OpportunitiesPageExecutor@527740a2]" name="addProductToOpportunity" duration-ms="13760" started-at="2017-03-28T12:30:04Z" depends-on-methods="com.cox.maven.poc.test.executor.OpportunitiesPageExecutor.addProducts" finished-at="2017-03-28T12:30:18Z">
          <reporter-output>
          </reporter-output>
        </test-method> <!-- addProductToOpportunity -->
        <test-method status="PASS" signature="addCompetitor()[pri:0, instance:com.cox.maven.poc.test.executor.OpportunitiesPageExecutor@527740a2]" name="addCompetitor" duration-ms="3198" started-at="2017-03-28T12:30:18Z" depends-on-methods="com.cox.maven.poc.test.executor.OpportunitiesPageExecutor.addProductToOpportunity" finished-at="2017-03-28T12:30:21Z">
          <reporter-output>
          </reporter-output>
        </test-method> <!-- addCompetitor -->
        <test-method status="PASS" signature="addPartner()[pri:0, instance:com.cox.maven.poc.test.executor.OpportunitiesPageExecutor@527740a2]" name="addPartner" duration-ms="2052" started-at="2017-03-28T12:30:21Z" depends-on-methods="com.cox.maven.poc.test.executor.OpportunitiesPageExecutor.addCompetitor" finished-at="2017-03-28T12:30:23Z">
          <reporter-output>
          </reporter-output>
        </test-method> <!-- addPartner -->
        <test-method status="PASS" signature="addNotes()[pri:0, instance:com.cox.maven.poc.test.executor.OpportunitiesPageExecutor@527740a2]" name="addNotes" duration-ms="3010" started-at="2017-03-28T12:30:23Z" depends-on-methods="com.cox.maven.poc.test.executor.OpportunitiesPageExecutor.addPartner" finished-at="2017-03-28T12:30:26Z">
          <reporter-output>
          </reporter-output>
        </test-method> <!-- addNotes -->
        <test-method status="PASS" signature="editProduct()[pri:0, instance:com.cox.maven.poc.test.executor.OpportunitiesPageExecutor@527740a2]" name="editProduct" duration-ms="1815" started-at="2017-03-28T12:30:26Z" depends-on-methods="com.cox.maven.poc.test.executor.OpportunitiesPageExecutor.addNotes" finished-at="2017-03-28T12:30:28Z">
          <reporter-output>
          </reporter-output>
        </test-method> <!-- editProduct -->
        <test-method status="PASS" signature="afterTest()[pri:0, instance:com.cox.maven.poc.test.executor.OpportunitiesPageExecutor@527740a2]" name="afterTest" is-config="true" duration-ms="0" started-at="2017-03-28T12:30:28Z" finished-at="2017-03-28T12:30:28Z">
          <reporter-output>
          </reporter-output>
        </test-method> <!-- afterTest -->
      </class> <!-- com.cox.maven.poc.test.executor.OpportunitiesPageExecutor -->
    </test> <!-- SFDC_UseCase1 -->
    <test name="SFDC_UseCase2" duration-ms="24486" started-at="2017-03-28T16:30:30Z" finished-at="2017-03-28T16:30:54Z">
      <class name="com.cox.maven.poc.test.executor.CreateNewDealer">
        <test-method status="PASS" signature="suiteSetUp()[pri:0, instance:com.cox.maven.poc.test.executor.CreateNewDealer@65e2dbf3]" name="suiteSetUp" is-config="true" duration-ms="12" started-at="2017-03-28T12:29:35Z" finished-at="2017-03-28T12:29:35Z">
          <reporter-output>
          </reporter-output>
        </test-method> <!-- suiteSetUp -->
        <test-method status="PASS" signature="setUp(java.lang.String)[pri:0, instance:com.cox.maven.poc.test.executor.CreateNewDealer@65e2dbf3]" name="setUp" is-config="true" duration-ms="2418" started-at="2017-03-28T12:30:30Z" finished-at="2017-03-28T12:30:32Z">
          <params>
            <param index="0">
              <value>
                <![CDATA[chrome]]>
              </value>
            </param>
          </params>
          <reporter-output>
          </reporter-output>
        </test-method> <!-- setUp -->
        <test-method status="PASS" signature="beforeTest(java.lang.String, java.lang.String)[pri:0, instance:com.cox.maven.poc.test.executor.CreateNewDealer@65e2dbf3]" name="beforeTest" is-config="true" duration-ms="105" started-at="2017-03-28T12:30:32Z" finished-at="2017-03-28T12:30:32Z">
          <params>
            <param index="0">
              <value>
                <![CDATA[Create New Dealer]]>
              </value>
            </param>
            <param index="1">
              <value>
                <![CDATA[SalesforceUseCaseTestData]]>
              </value>
            </param>
          </params>
          <reporter-output>
          </reporter-output>
        </test-method> <!-- beforeTest -->
        <test-method status="PASS" signature="login()[pri:0, instance:com.cox.maven.poc.test.executor.CreateNewDealer@65e2dbf3]" name="login" duration-ms="8012" started-at="2017-03-28T12:30:32Z" finished-at="2017-03-28T12:30:41Z">
          <reporter-output>
          </reporter-output>
        </test-method> <!-- login -->
        <test-method status="PASS" signature="loadNewDealerRequest()[pri:0, instance:com.cox.maven.poc.test.executor.CreateNewDealer@65e2dbf3]" name="loadNewDealerRequest" duration-ms="13586" started-at="2017-03-28T12:30:41Z" depends-on-methods="com.cox.maven.poc.test.executor.CreateNewDealer.login" finished-at="2017-03-28T12:30:54Z">
          <reporter-output>
          </reporter-output>
        </test-method> <!-- loadNewDealerRequest -->
        <test-method status="PASS" signature="afterTest()[pri:0, instance:com.cox.maven.poc.test.executor.CreateNewDealer@65e2dbf3]" name="afterTest" is-config="true" duration-ms="360" started-at="2017-03-28T12:30:54Z" finished-at="2017-03-28T12:30:54Z">
          <reporter-output>
          </reporter-output>
        </test-method> <!-- afterTest -->
      </class> <!-- com.cox.maven.poc.test.executor.CreateNewDealer -->
    </test> <!-- SFDC_UseCase2 -->
  </suite> <!-- TestNG -->
</testng-results>
