<?xml version="1.0" encoding="UTF-8"?>
<testng-results skipped="0" failed="0" total="11" passed="11">
  <reporter-output>
  </reporter-output>
  <suite name="TestNG" duration-ms="75025" started-at="2017-03-24T18:26:47Z" finished-at="2017-03-24T18:28:02Z">
    <groups>
    </groups>
    <test name="SFDC_UseCase1" duration-ms="53121" started-at="2017-03-24T18:26:47Z" finished-at="2017-03-24T18:27:40Z">
      <class name="com.cox.maven.poc.test.executor.OpportunitiesPageExecutor">
        <test-method status="PASS" signature="setUp(java.lang.String)[pri:0, instance:com.cox.maven.poc.test.executor.OpportunitiesPageExecutor@527740a2]" name="setUp" is-config="true" duration-ms="4002" started-at="2017-03-24T14:26:47Z" finished-at="2017-03-24T14:26:51Z">
          <params>
            <param index="0">
              <value>
                <![CDATA[firefox]]>
              </value>
            </param>
          </params>
          <reporter-output>
          </reporter-output>
        </test-method> <!-- setUp -->
        <test-method status="PASS" signature="beforeTest()[pri:0, instance:com.cox.maven.poc.test.executor.OpportunitiesPageExecutor@527740a2]" name="beforeTest" is-config="true" duration-ms="1716" started-at="2017-03-24T14:26:51Z" finished-at="2017-03-24T14:26:52Z">
          <reporter-output>
          </reporter-output>
        </test-method> <!-- beforeTest -->
        <test-method status="PASS" signature="login()[pri:0, instance:com.cox.maven.poc.test.executor.OpportunitiesPageExecutor@527740a2]" name="login" duration-ms="1197" started-at="2017-03-24T14:26:52Z" finished-at="2017-03-24T14:26:54Z">
          <reporter-output>
          </reporter-output>
        </test-method> <!-- login -->
        <test-method status="PASS" signature="createOpportunities()[pri:0, instance:com.cox.maven.poc.test.executor.OpportunitiesPageExecutor@527740a2]" name="createOpportunities" duration-ms="13547" started-at="2017-03-24T14:26:54Z" depends-on-methods="com.cox.maven.poc.test.executor.OpportunitiesPageExecutor.login" finished-at="2017-03-24T14:27:07Z">
          <reporter-output>
          </reporter-output>
        </test-method> <!-- createOpportunities -->
        <test-method status="PASS" signature="selectProducts()[pri:0, instance:com.cox.maven.poc.test.executor.OpportunitiesPageExecutor@527740a2]" name="selectProducts" duration-ms="7406" started-at="2017-03-24T14:27:07Z" depends-on-methods="com.cox.maven.poc.test.executor.OpportunitiesPageExecutor.createOpportunities" finished-at="2017-03-24T14:27:15Z">
          <reporter-output>
          </reporter-output>
        </test-method> <!-- selectProducts -->
        <test-method status="PASS" signature="addProducts()[pri:0, instance:com.cox.maven.poc.test.executor.OpportunitiesPageExecutor@527740a2]" name="addProducts" duration-ms="1024" started-at="2017-03-24T14:27:15Z" depends-on-methods="com.cox.maven.poc.test.executor.OpportunitiesPageExecutor.selectProducts" finished-at="2017-03-24T14:27:16Z">
          <reporter-output>
          </reporter-output>
        </test-method> <!-- addProducts -->
        <test-method status="PASS" signature="addProductToOpportunity()[pri:0, instance:com.cox.maven.poc.test.executor.OpportunitiesPageExecutor@527740a2]" name="addProductToOpportunity" duration-ms="11094" started-at="2017-03-24T14:27:16Z" depends-on-methods="com.cox.maven.poc.test.executor.OpportunitiesPageExecutor.addProducts" finished-at="2017-03-24T14:27:27Z">
          <reporter-output>
          </reporter-output>
        </test-method> <!-- addProductToOpportunity -->
        <test-method status="PASS" signature="addCompetitor()[pri:0, instance:com.cox.maven.poc.test.executor.OpportunitiesPageExecutor@527740a2]" name="addCompetitor" duration-ms="3587" started-at="2017-03-24T14:27:27Z" depends-on-methods="com.cox.maven.poc.test.executor.OpportunitiesPageExecutor.addProductToOpportunity" finished-at="2017-03-24T14:27:30Z">
          <reporter-output>
          </reporter-output>
        </test-method> <!-- addCompetitor -->
        <test-method status="PASS" signature="addPartner()[pri:0, instance:com.cox.maven.poc.test.executor.OpportunitiesPageExecutor@527740a2]" name="addPartner" duration-ms="3153" started-at="2017-03-24T14:27:30Z" depends-on-methods="com.cox.maven.poc.test.executor.OpportunitiesPageExecutor.addCompetitor" finished-at="2017-03-24T14:27:33Z">
          <reporter-output>
          </reporter-output>
        </test-method> <!-- addPartner -->
        <test-method status="PASS" signature="addNotes()[pri:0, instance:com.cox.maven.poc.test.executor.OpportunitiesPageExecutor@527740a2]" name="addNotes" duration-ms="2969" started-at="2017-03-24T14:27:33Z" depends-on-methods="com.cox.maven.poc.test.executor.OpportunitiesPageExecutor.addPartner" finished-at="2017-03-24T14:27:36Z">
          <reporter-output>
          </reporter-output>
        </test-method> <!-- addNotes -->
        <test-method status="PASS" signature="editProduct()[pri:0, instance:com.cox.maven.poc.test.executor.OpportunitiesPageExecutor@527740a2]" name="editProduct" duration-ms="3155" started-at="2017-03-24T14:27:36Z" depends-on-methods="com.cox.maven.poc.test.executor.OpportunitiesPageExecutor.addNotes" finished-at="2017-03-24T14:27:40Z">
          <reporter-output>
          </reporter-output>
        </test-method> <!-- editProduct -->
        <test-method status="PASS" signature="afterTest()[pri:0, instance:com.cox.maven.poc.test.executor.OpportunitiesPageExecutor@527740a2]" name="afterTest" is-config="true" duration-ms="225" started-at="2017-03-24T14:27:40Z" finished-at="2017-03-24T14:27:40Z">
          <reporter-output>
          </reporter-output>
        </test-method> <!-- afterTest -->
      </class> <!-- com.cox.maven.poc.test.executor.OpportunitiesPageExecutor -->
    </test> <!-- SFDC_UseCase1 -->
    <test name="SFDC_UseCase2" duration-ms="20562" started-at="2017-03-24T18:27:41Z" finished-at="2017-03-24T18:28:02Z">
      <class name="com.cox.maven.poc.test.executor.CreateNewDealer">
        <test-method status="PASS" signature="suiteSetUp()[pri:0, instance:com.cox.maven.poc.test.executor.CreateNewDealer@65e2dbf3]" name="suiteSetUp" is-config="true" duration-ms="15" started-at="2017-03-24T14:26:47Z" finished-at="2017-03-24T14:26:47Z">
          <reporter-output>
          </reporter-output>
        </test-method> <!-- suiteSetUp -->
        <test-method status="PASS" signature="beforeTest()[pri:0, instance:com.cox.maven.poc.test.executor.CreateNewDealer@65e2dbf3]" name="beforeTest" is-config="true" duration-ms="14" started-at="2017-03-24T14:27:41Z" finished-at="2017-03-24T14:27:41Z">
          <reporter-output>
          </reporter-output>
        </test-method> <!-- beforeTest -->
        <test-method status="PASS" signature="setUp(java.lang.String)[pri:0, instance:com.cox.maven.poc.test.executor.CreateNewDealer@65e2dbf3]" name="setUp" is-config="true" duration-ms="1408" started-at="2017-03-24T14:27:41Z" finished-at="2017-03-24T14:27:43Z">
          <params>
            <param index="0">
              <value>
                <![CDATA[chrome]]>
              </value>
            </param>
          </params>
          <reporter-output>
          </reporter-output>
        </test-method> <!-- setUp -->
        <test-method status="PASS" signature="login()[pri:0, instance:com.cox.maven.poc.test.executor.CreateNewDealer@65e2dbf3]" name="login" duration-ms="7309" started-at="2017-03-24T14:27:43Z" finished-at="2017-03-24T14:27:50Z">
          <reporter-output>
          </reporter-output>
        </test-method> <!-- login -->
        <test-method status="PASS" signature="loadNewDealerRequest()[pri:0, instance:com.cox.maven.poc.test.executor.CreateNewDealer@65e2dbf3]" name="loadNewDealerRequest" duration-ms="11307" started-at="2017-03-24T14:27:50Z" depends-on-methods="com.cox.maven.poc.test.executor.CreateNewDealer.login" finished-at="2017-03-24T14:28:01Z">
          <reporter-output>
          </reporter-output>
        </test-method> <!-- loadNewDealerRequest -->
        <test-method status="PASS" signature="afterTest()[pri:0, instance:com.cox.maven.poc.test.executor.CreateNewDealer@65e2dbf3]" name="afterTest" is-config="true" duration-ms="519" started-at="2017-03-24T14:28:01Z" finished-at="2017-03-24T14:28:02Z">
          <reporter-output>
          </reporter-output>
        </test-method> <!-- afterTest -->
      </class> <!-- com.cox.maven.poc.test.executor.CreateNewDealer -->
    </test> <!-- SFDC_UseCase2 -->
  </suite> <!-- TestNG -->
</testng-results>
