<?xml version="1.0" encoding="UTF-8"?>
<!-- Generated by org.testng.reporters.JUnitReportReporter -->
<testsuite hostname="CAI-C02SG3SRFVH6LT" name="com.cox.maven.poc.test_maven.OpportunitiesPageExecutor2" tests="9" failures="0" timestamp="24 Mar 2017 14:12:56 GMT" time="48.212" errors="0">
  <testcase name="addProductToOpportunity" time="12.743" classname="com.cox.maven.poc.test_maven.OpportunitiesPageExecutor2"/>
  <testcase name="createOpportunities" time="10.718" classname="com.cox.maven.poc.test_maven.OpportunitiesPageExecutor2"/>
  <testcase name="addCompetitor" time="4.265" classname="com.cox.maven.poc.test_maven.OpportunitiesPageExecutor2"/>
  <testcase name="editProduct" time="2.163" classname="com.cox.maven.poc.test_maven.OpportunitiesPageExecutor2"/>
  <testcase name="login" time="2.697" classname="com.cox.maven.poc.test_maven.OpportunitiesPageExecutor2"/>
  <testcase name="addNotes" time="3.169" classname="com.cox.maven.poc.test_maven.OpportunitiesPageExecutor2"/>
  <testcase name="addPartner" time="3.087" classname="com.cox.maven.poc.test_maven.OpportunitiesPageExecutor2"/>
  <testcase name="selectProducts" time="8.353" classname="com.cox.maven.poc.test_maven.OpportunitiesPageExecutor2"/>
  <testcase name="addProducts" time="1.017" classname="com.cox.maven.poc.test_maven.OpportunitiesPageExecutor2"/>
</testsuite> <!-- com.cox.maven.poc.test_maven.OpportunitiesPageExecutor2 -->
