<?xml version="1.0" encoding="UTF-8"?>
<!-- Generated by org.testng.reporters.JUnitXMLReporter -->
<testsuite hostname="CAI-C02SG3SRFVH6LT" name="SFDC_UseCase1" tests="9" failures="0" timestamp="24 Mar 2017 18:27:41 GMT" time="53.121" errors="0">
  <testcase name="login" time="1.197" classname="com.cox.maven.poc.test.executor.OpportunitiesPageExecutor"/>
  <testcase name="createOpportunities" time="13.547" classname="com.cox.maven.poc.test.executor.OpportunitiesPageExecutor"/>
  <testcase name="selectProducts" time="7.406" classname="com.cox.maven.poc.test.executor.OpportunitiesPageExecutor"/>
  <testcase name="addProducts" time="1.024" classname="com.cox.maven.poc.test.executor.OpportunitiesPageExecutor"/>
  <testcase name="addProductToOpportunity" time="11.094" classname="com.cox.maven.poc.test.executor.OpportunitiesPageExecutor"/>
  <testcase name="addCompetitor" time="3.587" classname="com.cox.maven.poc.test.executor.OpportunitiesPageExecutor"/>
  <testcase name="addPartner" time="3.153" classname="com.cox.maven.poc.test.executor.OpportunitiesPageExecutor"/>
  <testcase name="addNotes" time="2.969" classname="com.cox.maven.poc.test.executor.OpportunitiesPageExecutor"/>
  <testcase name="editProduct" time="3.155" classname="com.cox.maven.poc.test.executor.OpportunitiesPageExecutor"/>
</testsuite> <!-- SFDC_UseCase1 -->
