<?xml version="1.0" encoding="UTF-8"?>
<!-- Generated by org.testng.reporters.JUnitXMLReporter -->
<testsuite hostname="CAI-C02SG3SRFVH6LT" name="SFDC_UseCase1" tests="9" failures="0" timestamp="27 Mar 2017 20:56:45 GMT" time="32.379" errors="0">
  <testcase name="login" time="3.805" classname="com.cox.maven.poc.test.executor.OpportunitiesPageExecutor"/>
  <testcase name="createOpportunities" time="8.974" classname="com.cox.maven.poc.test.executor.OpportunitiesPageExecutor"/>
  <testcase name="selectProducts" time="1.674" classname="com.cox.maven.poc.test.executor.OpportunitiesPageExecutor"/>
  <testcase name="addProducts" time="2.704" classname="com.cox.maven.poc.test.executor.OpportunitiesPageExecutor"/>
  <testcase name="addProductToOpportunity" time="3.941" classname="com.cox.maven.poc.test.executor.OpportunitiesPageExecutor"/>
  <testcase name="addCompetitor" time="2.09" classname="com.cox.maven.poc.test.executor.OpportunitiesPageExecutor"/>
  <testcase name="addPartner" time="1.663" classname="com.cox.maven.poc.test.executor.OpportunitiesPageExecutor"/>
  <testcase name="addNotes" time="1.814" classname="com.cox.maven.poc.test.executor.OpportunitiesPageExecutor"/>
  <testcase name="editProduct" time="2.051" classname="com.cox.maven.poc.test.executor.OpportunitiesPageExecutor"/>
</testsuite> <!-- SFDC_UseCase1 -->
