<?xml version="1.0" encoding="UTF-8"?>
<!-- Generated by org.testng.reporters.JUnitXMLReporter -->
<testsuite hostname="CAI-C02SG3SRFVH6LT" name="SFDC_UseCase3" tests="9" failures="1" timestamp="23 Mar 2017 13:14:54 GMT" time="12.787" errors="0">
  <testcase name="login" time="3.313" classname="com.cox.maven.poc.test_maven.OpportunitiesPageExecutor2"/>
  <testcase name="createOpportunities" time="6.045" classname="com.cox.maven.poc.test_maven.OpportunitiesPageExecutor2">
    <failure type="org.openqa.selenium.StaleElementReferenceException" message="The element reference is stale. Either the element is no longer attached to the DOM or the page has been refreshed.
For documentation on this error, please visit: http://seleniumhq.org/exceptions/stale_element_reference.html
Build info: version: &amp;apos;3.3.1&amp;apos;, revision: &amp;apos;5234b325d5&amp;apos;, time: &amp;apos;2017-03-10 09:10:29 +0000&amp;apos;
System info: host: &amp;apos;CAI-C02SG3SRFVH6LT&amp;apos;, ip: &amp;apos;fe80:0:0:0:c6b3:1ff:fecf:68f9%en0&amp;apos;, os.name: &amp;apos;Mac OS X&amp;apos;, os.arch: &amp;apos;x86_64&amp;apos;, os.version: &amp;apos;10.11.6&amp;apos;, java.version: &amp;apos;1.8.0_121&amp;apos;
Driver info: org.openqa.selenium.firefox.FirefoxDriver
Capabilities [{rotatable=false, raisesAccessibilityExceptions=false, appBuildId=20170125094131, version=51.0.1, platform=MAC, proxy={}, command_id=1, specificationLevel=0, acceptSslCerts=false, processId=12654, browserVersion=51.0.1, platformVersion=15.6.0, XULappId={ec8030f7-c20a-464f-9b0e-13a3a9e97384}, browserName=firefox, takesScreenshot=true, takesElementScreenshot=true, platformName=darwin}]
Session ID: fd492e11-9fb4-f540-9fe4-8175ce4cb522">
      <![CDATA[org.openqa.selenium.StaleElementReferenceException: The element reference is stale. Either the element is no longer attached to the DOM or the page has been refreshed.
For documentation on this error, please visit: http://seleniumhq.org/exceptions/stale_element_reference.html
Build info: version: '3.3.1', revision: '5234b325d5', time: '2017-03-10 09:10:29 +0000'
System info: host: 'CAI-C02SG3SRFVH6LT', ip: 'fe80:0:0:0:c6b3:1ff:fecf:68f9%en0', os.name: 'Mac OS X', os.arch: 'x86_64', os.version: '10.11.6', java.version: '1.8.0_121'
Driver info: org.openqa.selenium.firefox.FirefoxDriver
Capabilities [{rotatable=false, raisesAccessibilityExceptions=false, appBuildId=20170125094131, version=51.0.1, platform=MAC, proxy={}, command_id=1, specificationLevel=0, acceptSslCerts=false, processId=12654, browserVersion=51.0.1, platformVersion=15.6.0, XULappId={ec8030f7-c20a-464f-9b0e-13a3a9e97384}, browserName=firefox, takesScreenshot=true, takesElementScreenshot=true, platformName=darwin}]
Session ID: fd492e11-9fb4-f540-9fe4-8175ce4cb522
	at org.openqa.selenium.remote.http.W3CHttpResponseCodec.createException(W3CHttpResponseCodec.java:133)
	at org.openqa.selenium.remote.http.W3CHttpResponseCodec.decode(W3CHttpResponseCodec.java:99)
	at org.openqa.selenium.remote.http.W3CHttpResponseCodec.decode(W3CHttpResponseCodec.java:43)
	at org.openqa.selenium.remote.HttpCommandExecutor.execute(HttpCommandExecutor.java:163)
	at org.openqa.selenium.remote.service.DriverCommandExecutor.execute(DriverCommandExecutor.java:82)
	at org.openqa.selenium.remote.RemoteWebDriver.execute(RemoteWebDriver.java:604)
	at org.openqa.selenium.remote.RemoteWebElement.execute(RemoteWebElement.java:274)
	at org.openqa.selenium.remote.RemoteWebElement.click(RemoteWebElement.java:84)
	at com.cox.maven.poc.test_maven.OpportunitiesPageExecutor2.createOpportunities(OpportunitiesPageExecutor2.java:91)
	at java.util.concurrent.FutureTask.run(FutureTask.java:266)
	at java.util.concurrent.ThreadPoolExecutor.runWorker(ThreadPoolExecutor.java:1142)
	at java.util.concurrent.ThreadPoolExecutor$Worker.run(ThreadPoolExecutor.java:617)
	at java.lang.Thread.run(Thread.java:745)
... Removed 20 stack frames]]>
    </failure>
  </testcase> <!-- createOpportunities -->
  <testcase name="selectProducts" time="0.0" classname="com.cox.maven.poc.test_maven.OpportunitiesPageExecutor2">
    <skipped/>
  </testcase> <!-- selectProducts -->
  <testcase name="addProducts" time="0.0" classname="com.cox.maven.poc.test_maven.OpportunitiesPageExecutor2">
    <skipped/>
  </testcase> <!-- addProducts -->
  <testcase name="addProductToOpportunity" time="0.0" classname="com.cox.maven.poc.test_maven.OpportunitiesPageExecutor2">
    <skipped/>
  </testcase> <!-- addProductToOpportunity -->
  <testcase name="addCompetitor" time="0.0" classname="com.cox.maven.poc.test_maven.OpportunitiesPageExecutor2">
    <skipped/>
  </testcase> <!-- addCompetitor -->
  <testcase name="addPartner" time="0.0" classname="com.cox.maven.poc.test_maven.OpportunitiesPageExecutor2">
    <skipped/>
  </testcase> <!-- addPartner -->
  <testcase name="addNotes" time="0.0" classname="com.cox.maven.poc.test_maven.OpportunitiesPageExecutor2">
    <skipped/>
  </testcase> <!-- addNotes -->
  <testcase name="editProduct" time="0.0" classname="com.cox.maven.poc.test_maven.OpportunitiesPageExecutor2">
    <skipped/>
  </testcase> <!-- editProduct -->
</testsuite> <!-- SFDC_UseCase3 -->
